-------------------------------------------------------------------------------
Test set: unitTestSuite.testSourceParser.UICallbackParserTest
-------------------------------------------------------------------------------
Tests run: 5, Failures: 1, Errors: 0, Skipped: 0, Time elapsed: 0.006 s <<< FAILURE! - in unitTestSuite.testSourceParser.UICallbackParserTest
TestreadFile(unitTestSuite.testSourceParser.UICallbackParserTest)  Time elapsed: 0.003 s  <<< FAILURE!
java.lang.AssertionError: expected:<337> but was:<335>
	at unitTestSuite.testSourceParser.UICallbackParserTest.TestreadFile(UICallbackParserTest.java:43)

